<?xml version="1.0" encoding="UTF-8" ?>
<testsuite tests="8" failures="0" name="Runner.RunnerTest" time="0.07" errors="0" skipped="8">
  <properties>
[...]
</properties>
  <testcase classname="Aprender Cucumber" name="Deve criar steps genéricos para estes passos" time="0.046">
    <skipped/>
    <system-out>@cenarios
Funcionalidade: Aprender Cucumber

  @cenarios @Controle1
  Cenário: Deve criar steps genéricos para estes passos &amp;#27;[90m# /C:/MeusProjetos/Cenarios/src/test/resources/features/Cenarios.feature:6&amp;#27;[0m
    &amp;#27;[33mDado &amp;#27;[0m&amp;#27;[33mque o ticket é AF345&amp;#27;[0m                           &amp;#27;[90m# null&amp;#27;[0m
    &amp;#27;[36mE &amp;#27;[0m&amp;#27;[36mque o valor da passagem é R$ &amp;#27;[0m&amp;#27;[36m&amp;#27;[1m230&amp;#27;[0m&amp;#27;[36m,&amp;#27;[0m&amp;#27;[36m&amp;#27;[1m45&amp;#27;[0m               &amp;#27;[90m# Generico.queOValorDaPassagemÉR$(int,int)&amp;#27;[0m
    &amp;#27;[36mE &amp;#27;[0m&amp;#27;[36mque o nome do passageiro é &quot;&amp;#27;[0m&amp;#27;[36m&amp;#27;[1mFulano da Silva&amp;#27;[0m&amp;#27;[36m&quot;&amp;#27;[0m      &amp;#27;[90m# Generico.queONomeDoPassageiroÉ(String)&amp;#27;[0m
    &amp;#27;[36mE &amp;#27;[0m&amp;#27;[36mque o telefone do passageiro é &amp;#27;[0m&amp;#27;[36m&amp;#27;[1m9999&amp;#27;[0m&amp;#27;[36m-&amp;#27;[0m&amp;#27;[36m&amp;#27;[1m9999&amp;#27;[0m          &amp;#27;[90m# Generico.queOTelefoneDoPassageiroÉ(String)&amp;#27;[0m
    &amp;#27;[36mQuando &amp;#27;[0m&amp;#27;[36mcriar os steps&amp;#27;[0m                               &amp;#27;[90m# Generico.criarOsSteps()&amp;#27;[0m
    &amp;#27;[36mEntão &amp;#27;[0m&amp;#27;[36mo teste vai funcionar&amp;#27;[0m                         &amp;#27;[90m# Generico.oTesteVaiFuncionar()&amp;#27;[0m
</system-out>
  </testcase>
  <testcase classname="Aprender Cucumber" name="Deve reaproveitar os steps &quot;Dado&quot; do cenário anterior" time="0.006">
    <skipped/>
    <system-out>
  @cenarios @clone
  Cenário: Deve reaproveitar os steps &quot;Dado&quot; do cenário anterior &amp;#27;[90m# /C:/MeusProjetos/Cenarios/src/test/resources/features/Cenarios.feature:15&amp;#27;[0m
    &amp;#27;[33mDado &amp;#27;[0m&amp;#27;[33mque o ticket é AB167&amp;#27;[0m                                    &amp;#27;[90m# null&amp;#27;[0m
    &amp;#27;[36mDado &amp;#27;[0m&amp;#27;[36mque o ticket &amp;#27;[0m&amp;#27;[36m&amp;#27;[1mespecial&amp;#27;[0m&amp;#27;[36m é &amp;#27;[0m&amp;#27;[36m&amp;#27;[1mAB167&amp;#27;[0m                           &amp;#27;[90m# Generico.queOTicketÉAF(String,String)&amp;#27;[0m
    &amp;#27;[36mDado &amp;#27;[0m&amp;#27;[36mque o valor da passagem é R$ &amp;#27;[0m&amp;#27;[36m&amp;#27;[1m1120&amp;#27;[0m&amp;#27;[36m,&amp;#27;[0m&amp;#27;[36m&amp;#27;[1m23&amp;#27;[0m                    &amp;#27;[90m# Generico.queOValorDaPassagemÉR$(int,int)&amp;#27;[0m
    &amp;#27;[36mDado &amp;#27;[0m&amp;#27;[36mque o nome do passageiro é &quot;&amp;#27;[0m&amp;#27;[36m&amp;#27;[1mCicrano de Oliveira&amp;#27;[0m&amp;#27;[36m&quot;&amp;#27;[0m        &amp;#27;[90m# Generico.queONomeDoPassageiroÉ(String)&amp;#27;[0m
    &amp;#27;[36mDado &amp;#27;[0m&amp;#27;[36mque o telefone do passageiro é &amp;#27;[0m&amp;#27;[36m&amp;#27;[1m9888&amp;#27;[0m&amp;#27;[36m-&amp;#27;[0m&amp;#27;[36m&amp;#27;[1m8888&amp;#27;[0m                &amp;#27;[90m# Generico.queOTelefoneDoPassageiroÉ(String)&amp;#27;[0m
</system-out>
  </testcase>
  <testcase classname="Aprender Cucumber" name="Deve negar todos os steps &quot;Dado&quot; dos cenários anteriores" time="0.003">
    <skipped/>
    <system-out>
  @cenarios @Negacao
  Cenário: Deve negar todos os steps &quot;Dado&quot; dos cenários anteriores             &amp;#27;[90m# /C:/MeusProjetos/Cenarios/src/test/resources/features/Cenarios.feature:23&amp;#27;[0m
    &amp;#27;[33mDado &amp;#27;[0m&amp;#27;[33mque o ticket é CD123&amp;#27;[0m                                                   &amp;#27;[90m# null&amp;#27;[0m
    &amp;#27;[33mDado &amp;#27;[0m&amp;#27;[33mque o ticket é AG1234&amp;#27;[0m                                                  &amp;#27;[90m# null&amp;#27;[0m
    &amp;#27;[33mDado &amp;#27;[0m&amp;#27;[33mque o valor da passagem é R$ 1.1345,56&amp;#27;[0m                                 &amp;#27;[90m# null&amp;#27;[0m
    &amp;#27;[33mDado &amp;#27;[0m&amp;#27;[33mque o nome do passageiro é &quot;Beltrano Souza Matos de Alcântara Azevedo&quot;&amp;#27;[0m &amp;#27;[90m# null&amp;#27;[0m
    &amp;#27;[33mDado &amp;#27;[0m&amp;#27;[33mque o telefone do passageiro é 1234-5678&amp;#27;[0m                               &amp;#27;[90m# null&amp;#27;[0m
    &amp;#27;[33mDado &amp;#27;[0m&amp;#27;[33mque o telefone do passageiro é 999-2223&amp;#27;[0m                                &amp;#27;[90m# null&amp;#27;[0m
</system-out>
  </testcase>
  <testcase classname="Aprender Cucumber" name="Deve negar todos os steps &quot;Dado&quot; dos cenários anteriores" time="0.003">
    <skipped/>
  </testcase>
  <testcase classname="Aprender Cucumber" name="Deve negar todos os steps &quot;Dado&quot; dos cenários anteriores" time="0.003">
    <skipped/>
  </testcase>
  <testcase classname="Aprender Cucumber" name="Deve negar todos os steps &quot;Dado&quot; dos cenários anteriores" time="0.003">
    <skipped/>
  </testcase>
  <testcase classname="Aprender Cucumber" name="Deve negar todos os steps &quot;Dado&quot; dos cenários anteriores" time="0.003">
    <skipped/>
  </testcase>
  <testcase classname="Aprender Cucumber" name="Deve negar todos os steps &quot;Dado&quot; dos cenários anteriores" time="0.003">
    <skipped/>
  </testcase>
</testsuite>